<?xml version="1.0" encoding="UTF-8"?>
<!-- Generated by org.testng.reporters.JUnitXMLReporter -->
<testsuite hostname="Dhiraj-PC" ignored="0" name="Default test" tests="3" failures="0" timestamp="22 Dec 2018 19:21:27 GMT" time="119.834" errors="0">
  <testcase name="loginPageTitleTest" time="10.045" classname="com.clx.qa.testdata.LoginPageTest"/>
  <testcase name="clxLogoTest" time="10.586" classname="com.clx.qa.testdata.LoginPageTest"/>
  <testcase name="loginTest" time="12.193" classname="com.clx.qa.testdata.LoginPageTest"/>
</testsuite> <!-- Default test -->
