<?xml version="1.0" encoding="UTF-8"?>
<!-- Generated by org.testng.reporters.JUnitXMLReporter -->
<testsuite hostname="Dhiraj-Laptop" ignored="0" name="Default test" tests="3" failures="0" timestamp="04 Jan 2019 08:25:24 GMT" time="77.825" errors="0">
  <testcase name="loginPageTitleTest" time="10.024" classname="com.clx.qa.testcases.LoginPageTest"/>
  <testcase name="clxLogoTest" time="10.358" classname="com.clx.qa.testcases.LoginPageTest"/>
  <testcase name="loginTest" time="10.777" classname="com.clx.qa.testcases.LoginPageTest"/>
</testsuite> <!-- Default test -->
